<?xml version="1.0" encoding="UTF-8"?>
<!-- Generated by org.testng.reporters.JUnitReportReporter -->
<testsuite hostname="DESKTOP-PPODBDV" failures="0" tests="3" name="com.qa.drs.tests.ProductDetailsPageTest" time="8.696" errors="0" timestamp="2025-04-17T13:10:57 IST" skipped="0">
  <testcase classname="com.qa.drs.tests.ProductDetailsPageTest" name="productAvailablity" time="2.775"/>
  <testcase classname="com.qa.drs.tests.ProductDetailsPageTest" name="productCategory" time="2.962"/>
  <testcase classname="com.qa.drs.tests.ProductDetailsPageTest" name="allProductHeading" time="2.959"/>
</testsuite> <!-- com.qa.drs.tests.ProductDetailsPageTest -->
