<?xml version="1.0" encoding="UTF-8"?>
<!-- Generated by org.testng.reporters.JUnitReportReporter -->
<testsuite hostname="DESKTOP-PPODBDV" failures="0" tests="2" name="com.qa.drs.tests.SearchProductTest" time="9.972" errors="0" timestamp="2025-04-17T16:41:32 IST" skipped="0">
  <testcase classname="com.qa.drs.tests.SearchProductTest" name="dosearchProduct" time="4.305"/>
  <testcase classname="com.qa.drs.tests.SearchProductTest" name="doClickSerachField" time="5.667"/>
</testsuite> <!-- com.qa.drs.tests.SearchProductTest -->
