<?xml version="1.0" encoding="UTF-8"?>
<!-- Generated by org.testng.reporters.JUnitReportReporter -->
<testsuite hostname="DESKTOP-PPODBDV" failures="0" tests="1" name="com.qa.drs.tests.RegisterUserTest" time="2.595" errors="0" timestamp="2025-03-02T22:53:45 IST" skipped="0">
  <testcase classname="com.qa.drs.tests.RegisterUserTest" name="doEnterSignUpDetails" time="2.595"/>
</testsuite> <!-- com.qa.drs.tests.RegisterUserTest -->
