<?xml version="1.0" encoding="UTF-8"?>
<!-- Generated by org.testng.reporters.JUnitReportReporter -->
<testsuite hostname="DESKTOP-PPODBDV" failures="0" tests="1" name="com.qa.drs.tests.ProductDetailsPageTest" time="4.768" errors="0" timestamp="2025-04-17T00:37:59 IST" skipped="0">
  <testcase classname="com.qa.drs.tests.ProductDetailsPageTest" name="allProductHeading" time="4.768"/>
</testsuite> <!-- com.qa.drs.tests.ProductDetailsPageTest -->
