<?xml version="1.0" encoding="UTF-8"?>
<!-- Generated by org.testng.reporters.JUnitReportReporter -->
<testsuite hostname="DESKTOP-PPODBDV" failures="0" tests="1" name="com.qa.drs.tests.ContactPageTest" time="2.348" errors="0" timestamp="2025-04-14T18:10:25 IST" skipped="0">
  <testcase classname="com.qa.drs.tests.ContactPageTest" name="doClickContactButton" time="2.348"/>
</testsuite> <!-- com.qa.drs.tests.ContactPageTest -->
