<?xml version="1.0" encoding="UTF-8"?>
<!-- Generated by org.testng.reporters.JUnitReportReporter -->
<testsuite hostname="DESKTOP-PPODBDV" failures="0" tests="1" name="com.qa.drs.tests.SignUpUserTestPage" time="12.496" errors="0" timestamp="2025-04-11T23:56:06 IST" skipped="0">
  <testcase classname="com.qa.drs.tests.SignUpUserTestPage" name="newUserSignUpPageTest" time="12.496"/>
</testsuite> <!-- com.qa.drs.tests.SignUpUserTestPage -->
