<?xml version="1.0" encoding="UTF-8"?>
<!-- Generated by org.testng.reporters.JUnitReportReporter -->
<testsuite hostname="DESKTOP-PPODBDV" failures="0" tests="1" name="com.qa.drs.tests.LoginPageTest" time="7.975" errors="0" timestamp="2025-04-11T23:17:23 IST" skipped="0">
  <testcase classname="com.qa.drs.tests.LoginPageTest" name="LogOutTest" time="7.975"/>
</testsuite> <!-- com.qa.drs.tests.LoginPageTest -->
