<?xml version="1.0" encoding="UTF-8"?>
<!-- Generated by org.testng.reporters.JUnitReportReporter -->
<testsuite hostname="DESKTOP-PPODBDV" failures="0" tests="1" name="com.qa.drs.tests.SubscriptionPageTest" time="0.396" errors="0" timestamp="2025-04-22T17:17:55 IST" skipped="0">
  <testcase classname="com.qa.drs.tests.SubscriptionPageTest" name="doClickTxtFiled" time="0.396"/>
</testsuite> <!-- com.qa.drs.tests.SubscriptionPageTest -->
